{
  "stats": {
    "suites": 1,
    "tests": 8,
    "passes": 8,
    "pending": 0,
    "failures": 0,
    "start": "2021-11-04T19:49:06.749Z",
    "end": "2021-11-04T19:49:39.411Z",
    "duration": 32662,
    "testsRegistered": 8,
    "passPercent": 100,
    "pendingPercent": 0,
    "other": 0,
    "hasOther": false,
    "skipped": 0,
    "hasSkipped": false
  },
  "results": [
    {
      "uuid": "623bb1f3-846f-47df-998f-ba7bc4cd6e25",
      "title": "",
      "fullFile": "cypress/integration/regression-page-objects.spec.js",
      "file": "cypress/integration/regression-page-objects.spec.js",
      "beforeHooks": [],
      "afterHooks": [],
      "tests": [],
      "suites": [
        {
          "uuid": "b57c041c-37ab-436b-805f-1e137cc4e15d",
          "title": "Test Suite",
          "fullFile": "",
          "file": "",
          "beforeHooks": [],
          "afterHooks": [],
          "tests": [
            {
              "title": "Create a new room",
              "fullTitle": "Test Suite Create a new room",
              "timedOut": null,
              "duration": 4705,
              "state": "passed",
              "speed": "fast",
              "pass": true,
              "fail": false,
              "pending": false,
              "context": null,
              "code": "dashFuncs.viewRooms();\nroomFuncs.roomCreate(cy, roomCategory[roomCateRng], roomNum, floorNum, priceNum, roomFeatures[roomFeatRng]);",
              "err": {},
              "uuid": "e336c81b-5e55-43dc-8ba6-f7f48ec1f64e",
              "parentUUID": "b57c041c-37ab-436b-805f-1e137cc4e15d",
              "isHook": false,
              "skipped": false
            },
            {
              "title": "Edit/Delete Room Test",
              "fullTitle": "Test Suite Edit/Delete Room Test",
              "timedOut": null,
              "duration": 2998,
              "state": "passed",
              "speed": "fast",
              "pass": true,
              "fail": false,
              "pending": false,
              "context": null,
              "code": "dashFuncs.viewRooms();\nroomFuncs.roomEdit(cy);\nroomFuncs.roomDelete(cy);",
              "err": {},
              "uuid": "d2991bbf-9b2b-4853-99be-b52c5320f7f8",
              "parentUUID": "b57c041c-37ab-436b-805f-1e137cc4e15d",
              "isHook": false,
              "skipped": false
            },
            {
              "title": "Create Client",
              "fullTitle": "Test Suite Create Client",
              "timedOut": null,
              "duration": 3595,
              "state": "passed",
              "speed": "fast",
              "pass": true,
              "fail": false,
              "pending": false,
              "context": null,
              "code": "dashFuncs.viewClients();\nclientFuncs.clientCreate(cy, fName, lName, email, phone);",
              "err": {},
              "uuid": "731a1186-a27e-426d-8bad-71526b9b1936",
              "parentUUID": "b57c041c-37ab-436b-805f-1e137cc4e15d",
              "isHook": false,
              "skipped": false
            },
            {
              "title": "Edit/Delete Client",
              "fullTitle": "Test Suite Edit/Delete Client",
              "timedOut": null,
              "duration": 2834,
              "state": "passed",
              "speed": "fast",
              "pass": true,
              "fail": false,
              "pending": false,
              "context": null,
              "code": "dashFuncs.viewClients();\nclientFuncs.clientEdit(cy);\nclientFuncs.clientDelete(cy);",
              "err": {},
              "uuid": "6e58bf49-d97f-41e3-88ab-ee99652aadfb",
              "parentUUID": "b57c041c-37ab-436b-805f-1e137cc4e15d",
              "isHook": false,
              "skipped": false
            },
            {
              "title": "Create Bill",
              "fullTitle": "Test Suite Create Bill",
              "timedOut": null,
              "duration": 2616,
              "state": "passed",
              "speed": "fast",
              "pass": true,
              "fail": false,
              "pending": false,
              "context": null,
              "code": "dashFuncs.viewBills();\nbillFuncs.billCreate(cy, billValue);",
              "err": {},
              "uuid": "8cc8d67b-66d0-4305-9a19-84d02d6cab7c",
              "parentUUID": "b57c041c-37ab-436b-805f-1e137cc4e15d",
              "isHook": false,
              "skipped": false
            },
            {
              "title": "Edit/Delete Bill",
              "fullTitle": "Test Suite Edit/Delete Bill",
              "timedOut": null,
              "duration": 2850,
              "state": "passed",
              "speed": "fast",
              "pass": true,
              "fail": false,
              "pending": false,
              "context": null,
              "code": "dashFuncs.viewBills();\nbillFuncs.billEdit(cy);\nbillFuncs.billDelete(cy);",
              "err": {},
              "uuid": "35469d94-d980-4972-9a70-979bde4a49a5",
              "parentUUID": "b57c041c-37ab-436b-805f-1e137cc4e15d",
              "isHook": false,
              "skipped": false
            },
            {
              "title": "Create Reservation",
              "fullTitle": "Test Suite Create Reservation",
              "timedOut": null,
              "duration": 3546,
              "state": "passed",
              "speed": "fast",
              "pass": true,
              "fail": false,
              "pending": false,
              "context": null,
              "code": "dashFuncs.viewReservations();\nreservFuncs.reservationCreate(cy, datePast, dateFuture);",
              "err": {},
              "uuid": "f76a3b59-468e-4a36-be4d-977b8184fb17",
              "parentUUID": "b57c041c-37ab-436b-805f-1e137cc4e15d",
              "isHook": false,
              "skipped": false
            },
            {
              "title": "Edit/Delete Reservation",
              "fullTitle": "Test Suite Edit/Delete Reservation",
              "timedOut": null,
              "duration": 2598,
              "state": "passed",
              "speed": "fast",
              "pass": true,
              "fail": false,
              "pending": false,
              "context": null,
              "code": "dashFuncs.viewReservations(); //reservFuncs.reservationEdit(cy)\n//Smal wait here beacuse sometimes i get a 404 page not found.\n//I think it happens beacuse of the page do not load properly \n//cy.wait(500)\nreservFuncs.reservationDelete(cy);",
              "err": {},
              "uuid": "1b561e20-6525-4a02-b630-81d0e45985c7",
              "parentUUID": "b57c041c-37ab-436b-805f-1e137cc4e15d",
              "isHook": false,
              "skipped": false
            }
          ],
          "suites": [],
          "passes": [
            "e336c81b-5e55-43dc-8ba6-f7f48ec1f64e",
            "d2991bbf-9b2b-4853-99be-b52c5320f7f8",
            "731a1186-a27e-426d-8bad-71526b9b1936",
            "6e58bf49-d97f-41e3-88ab-ee99652aadfb",
            "8cc8d67b-66d0-4305-9a19-84d02d6cab7c",
            "35469d94-d980-4972-9a70-979bde4a49a5",
            "f76a3b59-468e-4a36-be4d-977b8184fb17",
            "1b561e20-6525-4a02-b630-81d0e45985c7"
          ],
          "failures": [],
          "pending": [],
          "skipped": [],
          "duration": 25742,
          "root": false,
          "rootEmpty": false,
          "_timeout": 2000
        }
      ],
      "passes": [],
      "failures": [],
      "pending": [],
      "skipped": [],
      "duration": 0,
      "root": true,
      "rootEmpty": true,
      "_timeout": 2000
    }
  ],
  "meta": {
    "mocha": {
      "version": "7.0.1"
    },
    "mochawesome": {
      "options": {
        "quiet": false,
        "reportFilename": "mochawesome",
        "saveHtml": true,
        "saveJson": true,
        "consoleReporter": "spec",
        "useInlineDiffs": false,
        "code": true
      },
      "version": "7.0.0"
    },
    "marge": {
      "options": null,
      "version": "6.0.0"
    }
  }
}