{
  "stats": {
    "suites": 1,
    "tests": 8,
    "passes": 8,
    "pending": 0,
    "failures": 0,
    "start": "2021-11-04T19:55:48.322Z",
    "end": "2021-11-04T19:56:22.482Z",
    "duration": 34160,
    "testsRegistered": 8,
    "passPercent": 100,
    "pendingPercent": 0,
    "other": 0,
    "hasOther": false,
    "skipped": 0,
    "hasSkipped": false
  },
  "results": [
    {
      "uuid": "cea31885-6e45-468a-8b78-2438e2fbc063",
      "title": "",
      "fullFile": "cypress/integration/regression-page-objects.spec.js",
      "file": "cypress/integration/regression-page-objects.spec.js",
      "beforeHooks": [],
      "afterHooks": [],
      "tests": [],
      "suites": [
        {
          "uuid": "10597be6-076b-4f9f-aa08-2bfb20d2ef03",
          "title": "Test Suite",
          "fullFile": "",
          "file": "",
          "beforeHooks": [],
          "afterHooks": [],
          "tests": [
            {
              "title": "Create a new room",
              "fullTitle": "Test Suite Create a new room",
              "timedOut": null,
              "duration": 5116,
              "state": "passed",
              "speed": "medium",
              "pass": true,
              "fail": false,
              "pending": false,
              "context": null,
              "code": "dashFuncs.viewRooms();\nroomFuncs.roomCreate(cy, roomCategory[roomCateRng], roomNum, floorNum, priceNum, roomFeatures[roomFeatRng]);",
              "err": {},
              "uuid": "8594945b-a768-4fc1-9ce1-576ef8d482db",
              "parentUUID": "10597be6-076b-4f9f-aa08-2bfb20d2ef03",
              "isHook": false,
              "skipped": false
            },
            {
              "title": "Edit/Delete Room Test",
              "fullTitle": "Test Suite Edit/Delete Room Test",
              "timedOut": null,
              "duration": 3204,
              "state": "passed",
              "speed": "fast",
              "pass": true,
              "fail": false,
              "pending": false,
              "context": null,
              "code": "dashFuncs.viewRooms();\nroomFuncs.roomEdit(cy);\nroomFuncs.roomDelete(cy);",
              "err": {},
              "uuid": "439eecd4-6bf5-422b-9295-50441635ecca",
              "parentUUID": "10597be6-076b-4f9f-aa08-2bfb20d2ef03",
              "isHook": false,
              "skipped": false
            },
            {
              "title": "Create Client",
              "fullTitle": "Test Suite Create Client",
              "timedOut": null,
              "duration": 3952,
              "state": "passed",
              "speed": "fast",
              "pass": true,
              "fail": false,
              "pending": false,
              "context": null,
              "code": "dashFuncs.viewClients();\nclientFuncs.clientCreate(cy, fName, lName, email, phone);",
              "err": {},
              "uuid": "c9228d5a-bb27-48e2-ad5d-3c10fb6c5fdd",
              "parentUUID": "10597be6-076b-4f9f-aa08-2bfb20d2ef03",
              "isHook": false,
              "skipped": false
            },
            {
              "title": "Edit/Delete Client",
              "fullTitle": "Test Suite Edit/Delete Client",
              "timedOut": null,
              "duration": 2812,
              "state": "passed",
              "speed": "fast",
              "pass": true,
              "fail": false,
              "pending": false,
              "context": null,
              "code": "dashFuncs.viewClients();\nclientFuncs.clientEdit(cy);\nclientFuncs.clientDelete(cy);",
              "err": {},
              "uuid": "504e7346-0c39-4260-8311-c41a47a03ece",
              "parentUUID": "10597be6-076b-4f9f-aa08-2bfb20d2ef03",
              "isHook": false,
              "skipped": false
            },
            {
              "title": "Create Bill",
              "fullTitle": "Test Suite Create Bill",
              "timedOut": null,
              "duration": 2736,
              "state": "passed",
              "speed": "fast",
              "pass": true,
              "fail": false,
              "pending": false,
              "context": null,
              "code": "dashFuncs.viewBills();\nbillFuncs.billCreate(cy, billValue);",
              "err": {},
              "uuid": "55f887b9-d7ce-49bf-9653-98ede91dbe17",
              "parentUUID": "10597be6-076b-4f9f-aa08-2bfb20d2ef03",
              "isHook": false,
              "skipped": false
            },
            {
              "title": "Edit/Delete Bill",
              "fullTitle": "Test Suite Edit/Delete Bill",
              "timedOut": null,
              "duration": 3072,
              "state": "passed",
              "speed": "fast",
              "pass": true,
              "fail": false,
              "pending": false,
              "context": null,
              "code": "dashFuncs.viewBills();\nbillFuncs.billEdit(cy);\nbillFuncs.billDelete(cy);",
              "err": {},
              "uuid": "cb78a873-e158-417f-8689-3be83f4b0360",
              "parentUUID": "10597be6-076b-4f9f-aa08-2bfb20d2ef03",
              "isHook": false,
              "skipped": false
            },
            {
              "title": "Create Reservation",
              "fullTitle": "Test Suite Create Reservation",
              "timedOut": null,
              "duration": 3593,
              "state": "passed",
              "speed": "fast",
              "pass": true,
              "fail": false,
              "pending": false,
              "context": null,
              "code": "dashFuncs.viewReservations();\nreservFuncs.reservationCreate(cy, datePast, dateFuture);",
              "err": {},
              "uuid": "8a0c3b54-e64a-41b3-954f-715e9b5e8023",
              "parentUUID": "10597be6-076b-4f9f-aa08-2bfb20d2ef03",
              "isHook": false,
              "skipped": false
            },
            {
              "title": "Edit/Delete Reservation",
              "fullTitle": "Test Suite Edit/Delete Reservation",
              "timedOut": null,
              "duration": 2500,
              "state": "passed",
              "speed": "fast",
              "pass": true,
              "fail": false,
              "pending": false,
              "context": null,
              "code": "dashFuncs.viewReservations(); //Gives a \"404 page not found\" Error\n//reservFuncs.reservationEdit(cy)\nreservFuncs.reservationDelete(cy);",
              "err": {},
              "uuid": "e1f1e6d1-61b8-4698-95b2-40689060e6d1",
              "parentUUID": "10597be6-076b-4f9f-aa08-2bfb20d2ef03",
              "isHook": false,
              "skipped": false
            }
          ],
          "suites": [],
          "passes": [
            "8594945b-a768-4fc1-9ce1-576ef8d482db",
            "439eecd4-6bf5-422b-9295-50441635ecca",
            "c9228d5a-bb27-48e2-ad5d-3c10fb6c5fdd",
            "504e7346-0c39-4260-8311-c41a47a03ece",
            "55f887b9-d7ce-49bf-9653-98ede91dbe17",
            "cb78a873-e158-417f-8689-3be83f4b0360",
            "8a0c3b54-e64a-41b3-954f-715e9b5e8023",
            "e1f1e6d1-61b8-4698-95b2-40689060e6d1"
          ],
          "failures": [],
          "pending": [],
          "skipped": [],
          "duration": 26985,
          "root": false,
          "rootEmpty": false,
          "_timeout": 2000
        }
      ],
      "passes": [],
      "failures": [],
      "pending": [],
      "skipped": [],
      "duration": 0,
      "root": true,
      "rootEmpty": true,
      "_timeout": 2000
    }
  ],
  "meta": {
    "mocha": {
      "version": "7.0.1"
    },
    "mochawesome": {
      "options": {
        "quiet": false,
        "reportFilename": "mochawesome",
        "saveHtml": true,
        "saveJson": true,
        "consoleReporter": "spec",
        "useInlineDiffs": false,
        "code": true
      },
      "version": "7.0.0"
    },
    "marge": {
      "options": null,
      "version": "6.0.0"
    }
  }
}